<?xml version="1.0" encoding="UTF-8"?>
<testsuite xmlns:xsi="http://www.w3.org/2001/XMLSchema-instance" xsi:noNamespaceSchemaLocation="https://maven.apache.org/surefire/maven-surefire-plugin/xsd/surefire-test-report.xsd" version="3.0.2" name="TestSuite" time="16.401" tests="3" errors="0" skipped="0" failures="0">
  <properties>
[...]
</properties>
  <testcase name="testPostUser" classname="api.test.UserTest" time="1.861">
    <system-out><![CDATA[HTTP/1.1 200 OK
Date: Fri, 06 Mar 2026 18:13:28 GMT
Content-Type: application/json
Transfer-Encoding: chunked
Connection: keep-alive
Access-Control-Allow-Origin: *
Access-Control-Allow-Methods: GET, POST, DELETE, PUT
Access-Control-Allow-Headers: Content-Type, api_key, Authorization
Server: Jetty(9.2.9.v20150224)

{
    "code": 200,
    "type": "unknown",
    "message": "156199931"
}
]]></system-out>
  </testcase>
  <testcase name="testUpdateUser" classname="api.test.UserTest" time="2.719">
    <system-out><![CDATA[HTTP/1.1 200 OK
Date: Fri, 06 Mar 2026 18:13:29 GMT
Content-Type: application/json
Transfer-Encoding: chunked
Connection: keep-alive
Access-Control-Allow-Origin: *
Access-Control-Allow-Methods: GET, POST, DELETE, PUT
Access-Control-Allow-Headers: Content-Type, api_key, Authorization
Server: Jetty(9.2.9.v20150224)

{
    "code": 200,
    "type": "unknown",
    "message": "156199931"
}
2026-03-06 23:43:29.910 INFO  [main] UserTest - After #########.  ::::  margarett.beahan
HTTP/1.1 200 OK
Date: Fri, 06 Mar 2026 18:13:31 GMT
Content-Type: application/json
Transfer-Encoding: chunked
Connection: keep-alive
Access-Control-Allow-Origin: *
Access-Control-Allow-Methods: GET, POST, DELETE, PUT
Access-Control-Allow-Headers: Content-Type, api_key, Authorization
Server: Jetty(9.2.9.v20150224)

{
    "id": 156199931,
    "username": "margarett.beahan",
    "firstName": "Linh",
    "lastName": "Koss",
    "email": "emanuel.lind@hotmail.com",
    "password": "2z1lcu1gd",
    "phone": "(432) 850-3957",
    "userStatus": 1
}
]]></system-out>
  </testcase>
  <testcase name="testReadUser" classname="api.test.UserTest" time="1.252">
    <system-out><![CDATA[2026-03-06 23:43:31.251 INFO  [main] UserTest - testuser #########.  ::::  margarett.beahan
HTTP/1.1 200 OK
Date: Fri, 06 Mar 2026 18:13:32 GMT
Content-Type: application/json
Transfer-Encoding: chunked
Connection: keep-alive
Access-Control-Allow-Origin: *
Access-Control-Allow-Methods: GET, POST, DELETE, PUT
Access-Control-Allow-Headers: Content-Type, api_key, Authorization
Server: Jetty(9.2.9.v20150224)

{
    "id": 156199931,
    "username": "margarett.beahan",
    "firstName": "Linh",
    "lastName": "Koss",
    "email": "emanuel.lind@hotmail.com",
    "password": "2z1lcu1gd",
    "phone": "(432) 850-3957",
    "userStatus": 1
}
]]></system-out>
  </testcase>
</testsuite>