<?xml version="1.0" encoding="UTF-8"?>
<!-- Generated by org.testng.reporters.JUnitReportReporter -->
<testsuite hostname="Zupee-544.local" failures="0" tests="3" name="api.test.UserTest" time="5.835" errors="0" timestamp="2026-03-06T23:43:37 IST" skipped="0">
  <testcase classname="api.test.UserTest" name="testPostUser" time="1.861"/>
  <testcase classname="api.test.UserTest" name="testUpdateUser" time="2.722"/>
  <testcase classname="api.test.UserTest" name="testReadUser" time="1.252"/>
</testsuite> <!-- api.test.UserTest -->
